\BOOKMARK [0][-]{chapter.1}{INTRODU\307\303O}{}% 1
\BOOKMARK [1][-]{section.1.1}{Perguntas de Pesquisa}{chapter.1}% 2
\BOOKMARK [1][-]{section.1.2}{Hip\363tese}{chapter.1}% 3
\BOOKMARK [1][-]{section.1.3}{OBJETIVOS}{chapter.1}% 4
\BOOKMARK [2][-]{subsection.1.3.1}{Objetivo Geral}{section.1.3}% 5
\BOOKMARK [2][-]{subsection.1.3.2}{Objetivos Espec\355ficos}{section.1.3}% 6
\BOOKMARK [0][-]{chapter.2}{REVIS\303O BIBLIOGR\301FICA}{}% 7
\BOOKMARK [1][-]{section.2.1}{Mar\351 e Circula\347\343o Submareal}{chapter.2}% 8
\BOOKMARK [1][-]{section.2.2}{Modelagem Num\351rica de Zonas Costeiras}{chapter.2}% 9
\BOOKMARK [1][-]{section.2.3}{\301REA DE ESTUDO: Enseada do Itapocor\363i}{chapter.2}% 10
\BOOKMARK [0][-]{chapter.3}{Materiais e M\351todos}{}% 11
\BOOKMARK [1][-]{section.3.1}{Dados medidos}{chapter.3}% 12
\BOOKMARK [1][-]{section.3.2}{Modelos Num\351ricos}{chapter.3}% 13
\BOOKMARK [2][-]{subsection.3.2.1}{Regional Ocean Modelling System}{section.3.2}% 14
\BOOKMARK [2][-]{subsection.3.2.2}{Simulating Waves Nearshore}{section.3.2}% 15
\BOOKMARK [1][-]{section.3.3}{For\347antes dos modelos}{chapter.3}% 16
\BOOKMARK [2][-]{subsection.3.3.1}{Mar\351}{section.3.3}% 17
\BOOKMARK [2][-]{subsection.3.3.2}{Onda}{section.3.3}% 18
\BOOKMARK [2][-]{subsection.3.3.3}{Vento}{section.3.3}% 19
\BOOKMARK [1][-]{section.3.4}{Dados diversos}{chapter.3}% 20
\BOOKMARK [2][-]{subsection.3.4.1}{Linha de Costa}{section.3.4}% 21
\BOOKMARK [2][-]{subsection.3.4.2}{Batimetria}{section.3.4}% 22
\BOOKMARK [1][-]{section.3.5}{Avalia\347\343o dos dados medidos}{chapter.3}% 23
\BOOKMARK [1][-]{section.3.6}{Avalia\347\343o dos resultados do modelo}{chapter.3}% 24
\BOOKMARK [1][-]{section.3.7}{Ferramentas Utilizadas}{chapter.3}% 25
\BOOKMARK [0][-]{chapter.4}{RESULTADOS}{}% 26
\BOOKMARK [1][-]{section.4.1}{Descri\347\343o dos dados medidos}{chapter.4}% 27
\BOOKMARK [2][-]{subsection.4.1.1}{N\355vel}{section.4.1}% 28
\BOOKMARK [2][-]{subsection.4.1.2}{Temperatura}{section.4.1}% 29
\BOOKMARK [0][-]{chapter.5}{CRONOGRAMA}{}% 30
\BOOKMARK [0][-]{table.5.6}{ REFER\312NCIAS}{}% 31
