This is pdfTeX, Version 3.14159265-2.6-1.40.15 (TeX Live 2015/dev/Debian) (preloaded format=pdflatex 2015.6.9)  29 JAN 2017 15:51
entering extended mode
 restricted \write18 enabled.
 %&-line parsing enabled.
**dissertacao.tex
(./dissertacao.tex
LaTeX2e <2014/05/01>
Babel <3.9l> and hyphenation patterns for 3 languages loaded.
(./ufscThesis.cls
Document Class: ufscThesis 
(/usr/share/texmf/tex/latex/abntex/abnt.cls
(/usr/share/texmf/tex/latex/abntex/cvs-id.def)
Document Class: abnt 2004/11/02 v1.27.2.1 Classe abnt (NBR6024, NBR6027, NBR602
8, NBR14724)
(/usr/share/texlive/texmf-dist/tex/latex/base/ifthen.sty
Package: ifthen 2014/09/29 v1.1c Standard LaTeX ifthen package (DPC)
)
(/usr/share/texlive/texmf-dist/tex/latex/tools/calc.sty
Package: calc 2014/10/28 v4.3 Infix arithmetic (KKT,FJ)
\calc@Acount=\count79
\calc@Bcount=\count80
\calc@Adimen=\dimen102
\calc@Bdimen=\dimen103
\calc@Askip=\skip41
\calc@Bskip=\skip42
LaTeX Info: Redefining \setlength on input line 75.
LaTeX Info: Redefining \addtolength on input line 76.
\calc@Ccount=\count81
\calc@Cskip=\skip43
)
(/usr/share/texlive/texmf-dist/tex/latex/tools/multicol.sty
Package: multicol 2014/10/28 v1.8i multicolumn formatting (FMi)
\c@tracingmulticols=\count82
\mult@box=\box26
\multicol@leftmargin=\dimen104
\c@unbalance=\count83
\c@collectmore=\count84
\doublecol@number=\count85
\multicoltolerance=\count86
\multicolpretolerance=\count87
\full@width=\dimen105
\page@free=\dimen106
\premulticols=\dimen107
\postmulticols=\dimen108
\multicolsep=\skip44
\multicolbaselineskip=\skip45
\partial@page=\box27
\last@line=\box28
\maxbalancingoverflow=\dimen109
\mult@rightbox=\box29
\mult@grightbox=\box30
\mult@gfirstbox=\box31
\mult@firstbox=\box32
\@tempa=\box33
\@tempa=\box34
\@tempa=\box35
\@tempa=\box36
\@tempa=\box37
\@tempa=\box38
\@tempa=\box39
\@tempa=\box40
\@tempa=\box41
\@tempa=\box42
\@tempa=\box43
\@tempa=\box44
\@tempa=\box45
\@tempa=\box46
\@tempa=\box47
\@tempa=\box48
\@tempa=\box49
\c@columnbadness=\count88
\c@finalcolumnbadness=\count89
\last@try=\dimen110
\multicolovershoot=\dimen111
\multicolundershoot=\dimen112
\mult@nat@firstbox=\box50
\colbreak@box=\box51
\mc@col@check@num=\count90
)
(/usr/share/texlive/texmf-dist/tex/latex/base/report.cls
Document Class: report 2014/09/29 v1.4h Standard LaTeX document class
(/usr/share/texlive/texmf-dist/tex/latex/base/size12.clo
File: size12.clo 2014/09/29 v1.4h Standard LaTeX file (size option)
)
\c@part=\count91
\c@chapter=\count92
\c@section=\count93
\c@subsection=\count94
\c@subsubsection=\count95
\c@paragraph=\count96
\c@subparagraph=\count97
\c@figure=\count98
\c@table=\count99
\abovecaptionskip=\skip46
\belowcaptionskip=\skip47
\bibindent=\dimen113
)
(/usr/share/texlive/texmf-dist/tex/latex/setspace/setspace.sty
Package: setspace 2011/12/19 v6.7a set line spacing
)
\ABNTanapindent=\skip48
\ABNTsignwidth=\skip49
\ABNTsignthickness=\skip50
\ABNTsignskip=\skip51

(/usr/share/texlive/texmf-dist/tex/latex/tools/indentfirst.sty
Package: indentfirst 1995/11/23 v1.03 Indent first paragraph (DPC)
))
(/usr/share/texlive/texmf-dist/tex/latex/geometry/geometry.sty
Package: geometry 2010/09/12 v5.6 Page Geometry

(/usr/share/texlive/texmf-dist/tex/latex/graphics/keyval.sty
Package: keyval 2014/05/08 v1.15 key=value parser (DPC)
\KV@toks@=\toks14
)
(/usr/share/texlive/texmf-dist/tex/generic/oberdiek/ifpdf.sty
Package: ifpdf 2011/01/30 v2.3 Provides the ifpdf switch (HO)
Package ifpdf Info: pdfTeX in PDF mode is detected.
)
(/usr/share/texlive/texmf-dist/tex/generic/oberdiek/ifvtex.sty
Package: ifvtex 2010/03/01 v1.5 Detect VTeX and its facilities (HO)
Package ifvtex Info: VTeX not detected.
)
(/usr/share/texlive/texmf-dist/tex/generic/ifxetex/ifxetex.sty
Package: ifxetex 2010/09/12 v0.6 Provides ifxetex conditional
)
\Gm@cnth=\count100
\Gm@cntv=\count101
\c@Gm@tempcnt=\count102
\Gm@bindingoffset=\dimen114
\Gm@wd@mp=\dimen115
\Gm@odd@mp=\dimen116
\Gm@even@mp=\dimen117
\Gm@layoutwidth=\dimen118
\Gm@layoutheight=\dimen119
\Gm@layouthoffset=\dimen120
\Gm@layoutvoffset=\dimen121
\Gm@dimlist=\toks15
)
(./ufscThesis/BUUFSCthesis.sty
(/usr/share/texlive/texmf-dist/tex/generic/babel/babel.sty
Package: babel 2014/09/25 3.9l The Babel package

(/usr/share/texlive/texmf-dist/tex/generic/babel-portuges/portuges.ldf
Language: portuges 2008/03/18 v1.2q Portuguese support from the babel system

(/usr/share/texlive/texmf-dist/tex/generic/babel/babel.def
File: babel.def 2014/09/25 3.9l Babel common definitions
\babel@savecnt=\count103
\U@D=\dimen122
)
\l@brazil = a dialect from \language\l@portuges 
Package babel Info: Making " an active character on input line 145.
))
(/usr/share/texlive/texmf-dist/tex/latex/base/inputenc.sty
Package: inputenc 2014/04/30 v1.2b Input encoding file
\inpenc@prehook=\toks16
\inpenc@posthook=\toks17

(/usr/share/texlive/texmf-dist/tex/latex/base/ansinew.def
File: ansinew.def 2014/04/30 v1.2b Input encoding file
))
(/usr/share/texlive/texmf-dist/tex/generic/ulem/ulem.sty
\UL@box=\box52
\UL@hyphenbox=\box53
\UL@skip=\skip52
\UL@hook=\toks18
\UL@height=\dimen123
\UL@pe=\count104
\UL@pixel=\dimen124
\ULC@box=\box54
Package: ulem 2012/05/18
\ULdepth=\dimen125
)
(/usr/share/texlive/texmf-dist/tex/latex/subfigure/subfigure.sty
Package: subfigure 2002/03/15 v2.1.5 subfigure package
\subfigtopskip=\skip53
\subfigcapskip=\skip54
\subfigcaptopadj=\dimen126
\subfigbottomskip=\skip55
\subfigcapmargin=\dimen127
\subfiglabelskip=\skip56
\c@subfigure=\count105
\c@lofdepth=\count106
\c@subtable=\count107
\c@lotdepth=\count108

****************************************
* Local config file subfigure.cfg used *
****************************************
(/usr/share/texlive/texmf-dist/tex/latex/subfigure/subfigure.cfg)
\subfig@top=\skip57
\subfig@bottom=\skip58
)
(/usr/share/texlive/texmf-dist/tex/latex/carlisle/remreset.sty)
(/usr/share/texlive/texmf-dist/tex/latex/url/url.sty
\Urlmuskip=\muskip10
Package: url 2013/09/16  ver 3.4  Verb mode for urls, etc.
)
(/usr/share/texmf/tex/latex/abntex/abntcite.sty
(/usr/share/texmf/tex/latex/abntex/cvs-id.def)
Package: abntcite 2003/10/13 v1.26 Chamadas de referencias no texto (NBR10520)

(/usr/share/texmf/tex/latex/abntex/abntex-abrev.sty
(/usr/share/texmf/tex/latex/abntex/cvs-id.def)
Package: abntex-abrev 2003/10/13 v1.3 Abreviacoes

(/usr/share/texmf/tex/latex/abntex/nbr10522-1988.def
(/usr/share/texmf/tex/latex/abntex/cvs-id.def)
File: nbr10522-1988.def 2003/10/13 v1.2 Abreviacoes bibliograficas (NBR10522:19
88)
)
(/usr/share/texmf/tex/latex/abntex/abntex-abrev-pt_BR.def
(/usr/share/texmf/tex/latex/abntex/cvs-id.def)
File: abntex-abrev-pt_BR.def 2003/10/13 v1.2 definicao de abntex-abrev, traduca
o de termos en_US/pt_BR
))
(/usr/share/texmf/tex/latex/abntex/nbr10520-2002.def
(/usr/share/texmf/tex/latex/abntex/cvs-id.def)
File: nbr10520-2002.def 2003/10/13 v1.2 Definicoes para abntcite (NBR10520:2002
)
)
\minimumbiblabelwidth=\skip59
\ABCIauxlen=\skip60
\c@ABCIaux=\count109
\c@ABCImax=\count110

(/usr/share/texlive/texmf-dist/tex/latex/relsize/relsize.sty
Package: relsize 2013/03/29 ver 4.1
)
\biblabelsep=\skip61
LaTeX Info: Redefining \newblock on input line 562.
LaTeX Info: Redefining \cite on input line 589.
\ABCItoken=\toks19
))
\espacosumario=\skip62
)
(/usr/share/texlive/texmf-dist/tex/latex/graphics/graphicx.sty
Package: graphicx 2014/04/25 v1.0g Enhanced LaTeX Graphics (DPC,SPQR)

(/usr/share/texlive/texmf-dist/tex/latex/graphics/graphics.sty
Package: graphics 2009/02/05 v1.0o Standard LaTeX Graphics (DPC,SPQR)

(/usr/share/texlive/texmf-dist/tex/latex/graphics/trig.sty
Package: trig 1999/03/16 v1.09 sin cos tan (DPC)
)
(/usr/share/texlive/texmf-dist/tex/latex/latexconfig/graphics.cfg
File: graphics.cfg 2010/04/23 v1.9 graphics configuration of TeX Live
)
Package graphics Info: Driver file: pdftex.def on input line 91.

(/usr/share/texlive/texmf-dist/tex/latex/pdftex-def/pdftex.def
File: pdftex.def 2011/05/27 v0.06d Graphics/color for pdfTeX

(/usr/share/texlive/texmf-dist/tex/generic/oberdiek/infwarerr.sty
Package: infwarerr 2010/04/08 v1.3 Providing info/warning/error messages (HO)
)
(/usr/share/texlive/texmf-dist/tex/generic/oberdiek/ltxcmds.sty
Package: ltxcmds 2011/11/09 v1.22 LaTeX kernel commands for general use (HO)
)
\Gread@gobject=\count111
))
\Gin@req@height=\dimen128
\Gin@req@width=\dimen129
)
(/usr/share/texlive/texmf-dist/tex/latex/graphics/color.sty
Package: color 2014/04/23 v1.1a Standard LaTeX Color (DPC)

(/usr/share/texlive/texmf-dist/tex/latex/latexconfig/color.cfg
File: color.cfg 2007/01/18 v1.5 color configuration of teTeX/TeXLive
)
Package color Info: Driver file: pdftex.def on input line 137.
)
(/usr/share/texlive/texmf-dist/tex/latex/listings/listings.sty
\lst@mode=\count112
\lst@gtempboxa=\box55
\lst@token=\toks20
\lst@length=\count113
\lst@currlwidth=\dimen130
\lst@column=\count114
\lst@pos=\count115
\lst@lostspace=\dimen131
\lst@width=\dimen132
\lst@newlines=\count116
\lst@lineno=\count117
\lst@maxwidth=\dimen133

(/usr/share/texlive/texmf-dist/tex/latex/listings/lstmisc.sty
File: lstmisc.sty 2014/09/06 1.5e (Carsten Heinz)
\c@lstnumber=\count118
\lst@skipnumbers=\count119
\lst@framebox=\box56
)
(/usr/share/texlive/texmf-dist/tex/latex/listings/listings.cfg
File: listings.cfg 2014/09/06 1.5e listings configuration
))
Package: listings 2014/09/06 1.5e (Carsten Heinz)

(/usr/share/texlive/texmf-dist/tex/latex/oberdiek/pdflscape.sty
Package: pdflscape 2008/08/11 v0.10 Display of landscape pages in PDF (HO)

(/usr/share/texlive/texmf-dist/tex/latex/graphics/lscape.sty
Package: lscape 2000/10/22 v3.01 Landscape Pages (DPC)
)
Package pdflscape Info: Auto-detected driver: pdftex on input line 80.
)
(/usr/share/texlive/texmf-dist/tex/latex/booktabs/booktabs.sty
Package: booktabs 2005/04/14 v1.61803 publication quality tables
\heavyrulewidth=\dimen134
\lightrulewidth=\dimen135
\cmidrulewidth=\dimen136
\belowrulesep=\dimen137
\belowbottomsep=\dimen138
\aboverulesep=\dimen139
\abovetopsep=\dimen140
\cmidrulesep=\dimen141
\cmidrulekern=\dimen142
\defaultaddspace=\dimen143
\@cmidla=\count120
\@cmidlb=\count121
\@aboverulesep=\dimen144
\@belowrulesep=\dimen145
\@thisruleclass=\count122
\@lastruleclass=\count123
\@thisrulewidth=\dimen146
)
(/usr/share/texlive/texmf-dist/tex/latex/tools/tabularx.sty
Package: tabularx 2014/10/28 v2.10 `tabularx' package (DPC)

(/usr/share/texlive/texmf-dist/tex/latex/tools/array.sty
Package: array 2014/10/28 v2.4c Tabular extension package (FMi)
\col@sep=\dimen147
\extrarowheight=\dimen148
\NC@list=\toks21
\extratabsurround=\skip63
\backup@length=\skip64
)
\TX@col@width=\dimen149
\TX@old@table=\dimen150
\TX@old@col=\dimen151
\TX@target=\dimen152
\TX@delta=\dimen153
\TX@cols=\count124
\TX@ftn=\toks22
)
(/usr/share/texlive/texmf-dist/tex/latex/ltablex/ltablex.sty
Package: ltablex 2014/08/13 v1.1 Modified tabularx

(/usr/share/texlive/texmf-dist/tex/latex/tools/longtable.sty
Package: longtable 2014/10/28 v4.11 Multi-page Table package (DPC)
\LTleft=\skip65
\LTright=\skip66
\LTpre=\skip67
\LTpost=\skip68
\LTchunksize=\count125
\LTcapwidth=\dimen154
\LT@head=\box57
\LT@firsthead=\box58
\LT@foot=\box59
\LT@lastfoot=\box60
\LT@cols=\count126
\LT@rows=\count127
\c@LT@tables=\count128
\c@LT@chunks=\count129
\LT@p@ftn=\toks23
))
(/usr/share/texlive/texmf-dist/tex/latex/psnfss/pifont.sty
Package: pifont 2005/04/12 PSNFSS-v9.2a Pi font support (SPQR) 
LaTeX Font Info:    Try loading font information for U+pzd on input line 63.

(/usr/share/texlive/texmf-dist/tex/latex/psnfss/upzd.fd
File: upzd.fd 2001/06/04 font definitions for U/pzd.
)
LaTeX Font Info:    Try loading font information for U+psy on input line 64.

(/usr/share/texlive/texmf-dist/tex/latex/psnfss/upsy.fd
File: upsy.fd 2001/06/04 font definitions for U/psy.
))

LaTeX Warning: Unused global option(s):
    [cleardoublepage=plain].

(./dissertacao.aux

LaTeX Warning: Label `tab:atrativos' multiply defined.


LaTeX Warning: Label `tab:ttidepenha' multiply defined.


LaTeX Warning: Label `tab:comparacoesmares' multiply defined.

)
\openout1 = `dissertacao.aux'.

LaTeX Font Info:    Checking defaults for OML/cmm/m/it on input line 109.
LaTeX Font Info:    ... okay on input line 109.
LaTeX Font Info:    Checking defaults for T1/cmr/m/n on input line 109.
LaTeX Font Info:    ... okay on input line 109.
LaTeX Font Info:    Checking defaults for OT1/cmr/m/n on input line 109.
LaTeX Font Info:    ... okay on input line 109.
LaTeX Font Info:    Checking defaults for OMS/cmsy/m/n on input line 109.
LaTeX Font Info:    ... okay on input line 109.
LaTeX Font Info:    Checking defaults for OMX/cmex/m/n on input line 109.
LaTeX Font Info:    ... okay on input line 109.
LaTeX Font Info:    Checking defaults for U/cmr/m/n on input line 109.
LaTeX Font Info:    ... okay on input line 109.

*geometry* driver: auto-detecting
*geometry* detected driver: pdftex
*geometry* verbose mode - [ preamble ] result:
* driver: pdftex
* paper: a4paper
* layout: <same size as paper>
* layoutoffset:(h,v)=(0.0pt,0.0pt)
* modes: 
* h-part:(L,W,R)=(71.13188pt, 483.69687pt, 42.67912pt)
* v-part:(T,H,B)=(56.9055pt, 745.46222pt, 42.67912pt)
* \paperwidth=597.50787pt
* \paperheight=845.04684pt
* \textwidth=483.69687pt
* \textheight=745.46222pt
* \oddsidemargin=-1.1381pt
* \evensidemargin=-1.1381pt
* \topmargin=-57.42455pt
* \headheight=19.91684pt
* \headsep=22.14322pt
* \topskip=12.0pt
* \footskip=19.91684pt
* \marginparwidth=35.0pt
* \marginparsep=10.0pt
* \columnsep=10.0pt
* \skip\footins=10.8pt plus 4.0pt minus 2.0pt
* \hoffset=0.0pt
* \voffset=0.0pt
* \mag=1000
* \@twocolumnfalse
* \@twosidefalse
* \@mparswitchfalse
* \@reversemarginfalse
* (1in=72.27pt=25.4mm, 1cm=28.453pt)

(/usr/share/texlive/texmf-dist/tex/context/base/supp-pdf.mkii
[Loading MPS to PDF converter (version 2006.09.02).]
\scratchcounter=\count130
\scratchdimen=\dimen155
\scratchbox=\box61
\nofMPsegments=\count131
\nofMParguments=\count132
\everyMPshowfont=\toks24
\MPscratchCnt=\count133
\MPscratchDim=\dimen156
\MPnumerator=\count134
\makeMPintoPDFobject=\count135
\everyMPtoPDFconversion=\toks25
) (/usr/share/texlive/texmf-dist/tex/generic/oberdiek/pdftexcmds.sty
Package: pdftexcmds 2011/11/29 v0.20 Utility functions of pdfTeX for LuaTeX (HO
)

(/usr/share/texlive/texmf-dist/tex/generic/oberdiek/ifluatex.sty
Package: ifluatex 2010/03/01 v1.3 Provides the ifluatex switch (HO)
Package ifluatex Info: LuaTeX not detected.
)
Package pdftexcmds Info: LuaTeX not detected.
Package pdftexcmds Info: \pdf@primitive is available.
Package pdftexcmds Info: \pdf@ifprimitive is available.
Package pdftexcmds Info: \pdfdraftmode found.
)
(/usr/share/texlive/texmf-dist/tex/latex/oberdiek/epstopdf-base.sty
Package: epstopdf-base 2010/02/09 v2.5 Base part for package epstopdf

(/usr/share/texlive/texmf-dist/tex/latex/oberdiek/grfext.sty
Package: grfext 2010/08/19 v1.1 Manage graphics extensions (HO)

(/usr/share/texlive/texmf-dist/tex/generic/oberdiek/kvdefinekeys.sty
Package: kvdefinekeys 2011/04/07 v1.3 Define keys (HO)
))
(/usr/share/texlive/texmf-dist/tex/latex/oberdiek/kvoptions.sty
Package: kvoptions 2011/06/30 v3.11 Key value format for package options (HO)

(/usr/share/texlive/texmf-dist/tex/generic/oberdiek/kvsetkeys.sty
Package: kvsetkeys 2012/04/25 v1.16 Key value parser (HO)

(/usr/share/texlive/texmf-dist/tex/generic/oberdiek/etexcmds.sty
Package: etexcmds 2011/02/16 v1.5 Avoid name clashes with e-TeX commands (HO)
Package etexcmds Info: Could not find \expanded.
(etexcmds)             That can mean that you are not using pdfTeX 1.50 or
(etexcmds)             that some package has redefined \expanded.
(etexcmds)             In the latter case, load this package earlier.
)))
Package grfext Info: Graphics extension search list:
(grfext)             [.png,.pdf,.jpg,.mps,.jpeg,.jbig2,.jb2,.PNG,.PDF,.JPG,.JPE
G,.JBIG2,.JB2,.eps]
(grfext)             \AppendGraphicsExtensions on input line 452.

(/usr/share/texlive/texmf-dist/tex/latex/latexconfig/epstopdf-sys.cfg
File: epstopdf-sys.cfg 2010/07/13 v1.3 Configuration of (r)epstopdf for TeX Liv
e
))
\c@lstlisting=\count136
LaTeX Font Info:    External font `cmex10' loaded for size
(Font)              <12> on input line 112.
LaTeX Font Info:    External font `cmex10' loaded for size
(Font)              <8> on input line 112.
LaTeX Font Info:    External font `cmex10' loaded for size
(Font)              <6> on input line 112.

[0


{/var/lib/texmf/fonts/map/pdftex/updmap/pdftex.map}]
Underfull \hbox (badness 10000) in paragraph at lines 115--115

 []

[0

] [1

] [2

] [3

] [4


] [5


] (./dissertacao.lof
Overfull \hbox (9.17169pt too wide) in paragraph at lines 9--9
[] \OT1/cmr/m/n/12 Fi-gura []M^^Saxima eleva^^Xc~ao do n^^S^^Pvel do mar cau-sa
da por mar^^Ses me-te-o-rol^^Sogicas e as-tron^omicas. 
 []

[6

] [7] [8])
\tf@lof=\write3
\openout3 = `dissertacao.lof'.

 [9] (./dissertacao.lot)
\tf@lot=\write4
\openout4 = `dissertacao.lot'.

 [10

] (./dissertacao.toc)
\tf@toc=\write5
\openout5 = `dissertacao.toc'.

 [11

]
Cap\'{\i }tulo 1.
LaTeX Font Info:    Try loading font information for OMS+cmr on input line 148.

(/usr/share/texlive/texmf-dist/tex/latex/base/omscmr.fd
File: omscmr.fd 2014/09/29 v2.5h Standard LaTeX font definitions
)
LaTeX Font Info:    Font shape `OMS/cmr/m/n' in size <12> not available
(Font)              Font shape `OMS/cmsy/m/n' tried instead on input line 148.
 [12


] [13]
Cap\'{\i }tulo 2.
[14

] [15] [16] <figuras/metodossolucao.png, id=69, 867.24pt x 542.025pt>
File: figuras/metodossolucao.png Graphic file (type png)

<use figuras/metodossolucao.png>
Package pdftex.def Info: figuras/metodossolucao.png used on input line 252.
(pdftex.def)             Requested size: 435.32422pt x 272.07874pt.
 [17

] [18 <./figuras/metodossolucao.png>]
<figuras/structured.png, id=77, 400.49625pt x 317.185pt>
File: figuras/structured.png Graphic file (type png)

<use figuras/structured.png>
Package pdftex.def Info: figuras/structured.png used on input line 267.
(pdftex.def)             Requested size: 145.11053pt x 114.927pt.

<figuras/unstructured.png, id=78, 398.48875pt x 333.245pt>
File: figuras/unstructured.png Graphic file (type png)

<use figuras/unstructured.png>
Package pdftex.def Info: figuras/unstructured.png used on input line 273.
(pdftex.def)             Requested size: 145.11053pt x 121.3512pt.
 [19 <./figuras/structured.png> <./figuras/unstructured.png>] <figuras/DifusaoN
umerica_CFL.png, id=82, 433.62pt x 289.08pt>
File: figuras/DifusaoNumerica_CFL.png Graphic file (type png)

<use figuras/DifusaoNumerica_CFL.png>
Package pdftex.def Info: figuras/DifusaoNumerica_CFL.png used on input line 322
.
(pdftex.def)             Requested size: 290.22107pt x 193.4885pt.
 [20 <./figuras/DifusaoNumerica_CFL.png>]
<figuras/areaestudo.png, id=88, 569.0058pt x 711.3777pt>
File: figuras/areaestudo.png Graphic file (type png)

<use figuras/areaestudo.png>
Package pdftex.def Info: figuras/areaestudo.png used on input line 335.
(pdftex.def)             Requested size: 386.95897pt x 483.77385pt.
 [21

 <./figuras/areaestudo.png (PNG copy)>]
[22] [23] <figuras/erosao.jpg, id=99, 622.325pt x 398.48875pt>
File: figuras/erosao.jpg Graphic file (type jpg)

<use figuras/erosao.jpg>
Package pdftex.def Info: figuras/erosao.jpg used on input line 401.
(pdftex.def)             Requested size: 338.58632pt x 216.8042pt.

<figuras/picarrasSet15.png, id=100, 594.22pt x 564.1075pt>
File: figuras/picarrasSet15.png Graphic file (type png)

<use figuras/picarrasSet15.png>
Package pdftex.def Info: figuras/picarrasSet15.png used on input line 415.
(pdftex.def)             Requested size: 386.95897pt x 367.36273pt.
 [24 <./figuras/erosao.jpg>]
<figuras/Pariseetal_pt.png, id=104, 516.42938pt x 419.31656pt>
File: figuras/Pariseetal_pt.png Graphic file (type png)

<use figuras/Pariseetal_pt.png>
Package pdftex.def Info: figuras/Pariseetal_pt.png used on input line 425.
(pdftex.def)             Requested size: 386.95897pt x 314.20511pt.
 [25 <./figuras/picarrasSet15.png>] [26 <./figuras/Pariseetal_pt.png>] [27]
Cap\'{\i }tulo 3.
<figuras/new_fluxo.png, id=115, 830.10126pt x 572.1375pt>
File: figuras/new_fluxo.png Graphic file (type png)

<use figuras/new_fluxo.png>
Package pdftex.def Info: figuras/new_fluxo.png used on input line 456.
(pdftex.def)             Requested size: 435.32422pt x 300.03621pt.
 [28

 <./figuras/new_fluxo.png>]
Overfull \vbox (5.88786pt too high) has occurred while \output is active []


[29] <figuras/ADCPs.png, id=123, 569.0058pt x 711.3777pt>
File: figuras/ADCPs.png Graphic file (type png)

<use figuras/ADCPs.png>
Package pdftex.def Info: figuras/ADCPs.png used on input line 514.
(pdftex.def)             Requested size: 483.69687pt x 604.71732pt.
 [30] [31 <./figuras/ADCPs.png (PNG copy)>]
<figuras/NoData_ST001.png, id=130, 1084.05pt x 361.35pt>
File: figuras/NoData_ST001.png Graphic file (type png)

<use figuras/NoData_ST001.png>
Package pdftex.def Info: figuras/NoData_ST001.png used on input line 525.
(pdftex.def)             Requested size: 773.91794pt x 257.98285pt.

Overfull \hbox (28.45572pt too wide) in paragraph at lines 525--527
 [][] 
 []

[32

 <./figuras/NoData_ST001.png>]
<figuras/arakawac.png, id=135, 317.185pt x 299.1175pt>
File: figuras/arakawac.png Graphic file (type png)

<use figuras/arakawac.png>
Package pdftex.def Info: figuras/arakawac.png used on input line 558.
(pdftex.def)             Requested size: 290.22107pt x 273.71265pt.
 [33

]
<figuras/TMD_exemplo.png, id=140, 1444.64719pt x 775.39688pt>
File: figuras/TMD_exemplo.png Graphic file (type png)

<use figuras/TMD_exemplo.png>
Package pdftex.def Info: figuras/TMD_exemplo.png used on input line 594.
(pdftex.def)             Requested size: 435.32422pt x 233.6502pt.
 [34 <./figuras/arakawac.png>] [35 <./figuras/TMD_exemplo.png>] [36] [37] [38]
Cap\'{\i }tulo 4.
<figuras/DadosVento_position.png, id=159, 578.16pt x 433.62pt>
File: figuras/DadosVento_position.png Graphic file (type png)

<use figuras/DadosVento_position.png>
Package pdftex.def Info: figuras/DadosVento_position.png used on input line 713
.
(pdftex.def)             Requested size: 532.0695pt x 399.07419pt.

Overfull \hbox (48.37263pt too wide) in paragraph at lines 713--715
 [][] 
 []

[39

 <./figuras/DadosVento_position.png>]
<figuras/vento/Vento_Metar_2011_Windrose.png, id=164, 1084.05pt x 722.7pt>
File: figuras/vento/Vento_Metar_2011_Windrose.png Graphic file (type png)

<use figuras/vento/Vento_Metar_2011_Windrose.png>
Package pdftex.def Info: figuras/vento/Vento_Metar_2011_Windrose.png used on in
put line 723.
(pdftex.def)             Requested size: 532.0695pt x 354.72157pt.

Overfull \hbox (48.37263pt too wide) in paragraph at lines 723--725
 [][] 
 []

<figuras/vento/Vento_CFSR_2011_Windrose.png, id=165, 1084.05pt x 722.7pt>
File: figuras/vento/Vento_CFSR_2011_Windrose.png Graphic file (type png)

<use figuras/vento/Vento_CFSR_2011_Windrose.png>
Package pdftex.def Info: figuras/vento/Vento_CFSR_2011_Windrose.png used on inp
ut line 729.
(pdftex.def)             Requested size: 532.0695pt x 354.72157pt.

Overfull \hbox (48.37263pt too wide) in paragraph at lines 729--731
 [][] 
 []

[40 <./figuras/vento/Vento_Metar_2011_Windrose.png>] [41 <./figuras/vento/Vento
_CFSR_2011_Windrose.png>]
<figuras/vento/Vento_Metar_2011_histvel.png, id=175, 1084.05pt x 361.35pt>
File: figuras/vento/Vento_Metar_2011_histvel.png Graphic file (type png)

<use figuras/vento/Vento_Metar_2011_histvel.png>
Package pdftex.def Info: figuras/vento/Vento_Metar_2011_histvel.png used on inp
ut line 745.
(pdftex.def)             Requested size: 532.0695pt x 177.3608pt.

<figuras/vento/Vento_CFSR_2011_histvel.png, id=176, 1084.05pt x 361.35pt>
File: figuras/vento/Vento_CFSR_2011_histvel.png Graphic file (type png)

<use figuras/vento/Vento_CFSR_2011_histvel.png>
Package pdftex.def Info: figuras/vento/Vento_CFSR_2011_histvel.png used on inpu
t line 751.
(pdftex.def)             Requested size: 532.0695pt x 177.3608pt.

<figuras/vento/Vento_Metar_2011_histdir.png, id=177, 1084.05pt x 361.35pt>
File: figuras/vento/Vento_Metar_2011_histdir.png Graphic file (type png)

<use figuras/vento/Vento_Metar_2011_histdir.png>
Package pdftex.def Info: figuras/vento/Vento_Metar_2011_histdir.png used on inp
ut line 758.
(pdftex.def)             Requested size: 532.0695pt x 177.3608pt.

<figuras/vento/Vento_CFSR_2011_histdir.png, id=178, 1084.05pt x 361.35pt>
File: figuras/vento/Vento_CFSR_2011_histdir.png Graphic file (type png)

<use figuras/vento/Vento_CFSR_2011_histdir.png>
Package pdftex.def Info: figuras/vento/Vento_CFSR_2011_histdir.png used on inpu
t line 764.
(pdftex.def)             Requested size: 532.0695pt x 177.3608pt.

<figuras/vento/Vento_Metar_Nans.png, id=179, 1084.05pt x 361.35pt>
File: figuras/vento/Vento_Metar_Nans.png Graphic file (type png)

<use figuras/vento/Vento_Metar_Nans.png>
Package pdftex.def Info: figuras/vento/Vento_Metar_Nans.png used on input line 
770.
(pdftex.def)             Requested size: 773.91794pt x 257.98285pt.

Overfull \hbox (28.45572pt too wide) in paragraph at lines 770--772
 [][] 
 []

[42

 <./figuras/vento/Vento_Metar_2011_histvel.png> <./figuras/vento/Vento_CFSR_201
1_histvel.png>] [43 <./figuras/vento/Vento_Metar_2011_histdir.png> <./figuras/v
ento/Vento_CFSR_2011_histdir.png>] [44 <./figuras/vento/Vento_Metar_Nans.png>]
LaTeX Font Info:    Try loading font information for OML+cmr on input line 782.

 (/usr/share/texlive/texmf-dist/tex/latex/base/omlcmr.fd
File: omlcmr.fd 2014/09/29 v2.5h Standard LaTeX font definitions
)
LaTeX Font Info:    Font shape `OML/cmr/m/n' in size <12> not available
(Font)              Font shape `OML/cmm/m/it' tried instead on input line 782.

<figuras/vento/Vento_CFSR_2011-15_Windrose_Total.png, id=194, 1084.05pt x 722.7
pt>
File: figuras/vento/Vento_CFSR_2011-15_Windrose_Total.png Graphic file (type pn
g)
 <use figuras/vento/Vento_CFSR_2011-15_Windrose_Total.png>
Package pdftex.def Info: figuras/vento/Vento_CFSR_2011-15_Windrose_Total.png us
ed on input line 785.
(pdftex.def)             Requested size: 532.0695pt x 354.72157pt.

Overfull \hbox (48.37263pt too wide) in paragraph at lines 785--787
 [][] 
 []

[45

 <./figuras/vento/Vento_CFSR_2011-15_Windrose_Total.png>]
<figuras/dist_conjunta_vento.png, id=199, 1513.655pt x 616.3025pt>
File: figuras/dist_conjunta_vento.png Graphic file (type png)

<use figuras/dist_conjunta_vento.png>
Package pdftex.def Info: figuras/dist_conjunta_vento.png used on input line 793
.
(pdftex.def)             Requested size: 773.91794pt x 315.10945pt.

Overfull \hbox (28.45572pt too wide) in paragraph at lines 793--795
 [][] 
 []

[46

 <./figuras/dist_conjunta_vento.png>] [47

]
<figuras/vento/Vento_CFSR_2011-15_Windrose_Verao.png, id=207, 1084.05pt x 722.7
pt>
File: figuras/vento/Vento_CFSR_2011-15_Windrose_Verao.png Graphic file (type pn
g)
 <use figuras/vento/Vento_CFSR_2011-15_Windrose_Verao.png>
Package pdftex.def Info: figuras/vento/Vento_CFSR_2011-15_Windrose_Verao.png us
ed on input line 833.
(pdftex.def)             Requested size: 532.0695pt x 354.72157pt.

<figuras/vento/Vento_CFSR_2011-15_Windrose_Outono.png, id=208, 1084.05pt x 722.
7pt>
File: figuras/vento/Vento_CFSR_2011-15_Windrose_Outono.png Graphic file (type p
ng)
 <use figuras/vento/Vento_CFSR_2011-15_Windrose_Outono.png>
Package pdftex.def Info: figuras/vento/Vento_CFSR_2011-15_Windrose_Outono.png u
sed on input line 839.
(pdftex.def)             Requested size: 532.0695pt x 354.72157pt.

<figuras/vento/Vento_CFSR_2011-15_Windrose_Inverno.png, id=209, 1084.05pt x 722
.7pt>
File: figuras/vento/Vento_CFSR_2011-15_Windrose_Inverno.png Graphic file (type 
png)
 <use figuras/vento/Vento_CFSR_2011-15_Windrose_Inverno.png>
Package pdftex.def Info: figuras/vento/Vento_CFSR_2011-15_Windrose_Inverno.png 
used on input line 845.
(pdftex.def)             Requested size: 532.0695pt x 354.72157pt.

<figuras/vento/Vento_CFSR_2011-15_Windrose_Primavera.png, id=210, 1084.05pt x 7
22.7pt>
File: figuras/vento/Vento_CFSR_2011-15_Windrose_Primavera.png Graphic file (typ
e png)
 <use figuras/vento/Vento_CFSR_2011-15_Windrose_Primavera.png>
Package pdftex.def Info: figuras/vento/Vento_CFSR_2011-15_Windrose_Primavera.pn
g used on input line 851.
(pdftex.def)             Requested size: 532.0695pt x 354.72157pt.
 [48

 <./figuras/vento/Vento_CFSR_2011-15_Windrose_Verao.png>] [49 <./figuras/vento/
Vento_CFSR_2011-15_Windrose_Outono.png>] [50 <./figuras/vento/Vento_CFSR_2011-1
5_Windrose_Inverno.png>] [51 <./figuras/vento/Vento_CFSR_2011-15_Windrose_Prima
vera.png>] [52

] [53]
<figuras/Nivel_Previsao_Geral_ST001.png, id=235, 867.24pt x 361.35pt>
File: figuras/Nivel_Previsao_Geral_ST001.png Graphic file (type png)

<use figuras/Nivel_Previsao_Geral_ST001.png>
Package pdftex.def Info: figuras/Nivel_Previsao_Geral_ST001.png used on input l
ine 911.
(pdftex.def)             Requested size: 773.91794pt x 322.4827pt.

Overfull \hbox (28.45572pt too wide) in paragraph at lines 911--913
 [][] 
 []

<figuras/Nivel_Previsao_Geral_ST002.png, id=236, 867.24pt x 361.35pt>
File: figuras/Nivel_Previsao_Geral_ST002.png Graphic file (type png)

<use figuras/Nivel_Previsao_Geral_ST002.png>
Package pdftex.def Info: figuras/Nivel_Previsao_Geral_ST002.png used on input l
ine 917.
(pdftex.def)             Requested size: 773.91794pt x 322.4827pt.

Overfull \hbox (28.45572pt too wide) in paragraph at lines 917--919
 [][] 
 []

<figuras/Nivel_Previsao_Geral_ST003.png, id=237, 867.24pt x 361.35pt>
File: figuras/Nivel_Previsao_Geral_ST003.png Graphic file (type png)

<use figuras/Nivel_Previsao_Geral_ST003.png>
Package pdftex.def Info: figuras/Nivel_Previsao_Geral_ST003.png used on input l
ine 923.
(pdftex.def)             Requested size: 773.91794pt x 322.4827pt.

Overfull \hbox (28.45572pt too wide) in paragraph at lines 923--925
 [][] 
 []

<figuras/Nivel_Previsto_Penha2.png, id=238, 794.97pt x 361.35pt>
File: figuras/Nivel_Previsto_Penha2.png Graphic file (type png)

<use figuras/Nivel_Previsto_Penha2.png>
Package pdftex.def Info: figuras/Nivel_Previsto_Penha2.png used on input line 9
29.
(pdftex.def)             Requested size: 773.91794pt x 351.79378pt.

Overfull \hbox (28.45572pt too wide) in paragraph at lines 929--931
 [][] 
 []

<figuras/Nivel_Penha_MareMeteoNegativa.png, id=239, 1178.7237pt x 615.9813pt>
File: figuras/Nivel_Penha_MareMeteoNegativa.png Graphic file (type png)

<use figuras/Nivel_Penha_MareMeteoNegativa.png>
Package pdftex.def Info: figuras/Nivel_Penha_MareMeteoNegativa.png used on inpu
t line 935.
(pdftex.def)             Requested size: 773.91794pt x 404.44351pt.

Overfull \hbox (28.45572pt too wide) in paragraph at lines 935--937
 [][] 
 []

[54

 <./figuras/Nivel_Previsao_Geral_ST001.png>] [55 <./figuras/Nivel_Previsao_Gera
l_ST002.png>] [56 <./figuras/Nivel_Previsao_Geral_ST003.png>] [57 <./figuras/Ni
vel_Previsto_Penha2.png>] [58 <./figuras/Nivel_Penha_MareMeteoNegativa.png>]
Overfull \hbox (7.00526pt too wide) in paragraph at lines 950--951
[]\OT1/cmr/m/n/12 Quando com-pa-ra-mos as cons-tan-tes harm^onicas dos ADCPs de
 Pi^^Xcarras (30 dias de medi^^Xc~ao)
 []

[59

] [60

] [61] [62] [63] [64]
<figuras/femarPenha.png, id=279, 642.4pt x 929.4725pt>
File: figuras/femarPenha.png Graphic file (type png)

<use figuras/femarPenha.png>
Package pdftex.def Info: figuras/femarPenha.png used on input line 1085.
(pdftex.def)             Requested size: 435.32422pt x 629.8772pt.
 [65

 <./figuras/femarPenha.png>] [66

] [67] [68

]
[69] <figuras/Espectro_FFT_Penha_Periodo.png, id=297, 794.97pt x 361.35pt>
File: figuras/Espectro_FFT_Penha_Periodo.png Graphic file (type png)

<use figuras/Espectro_FFT_Penha_Periodo.png>
Package pdftex.def Info: figuras/Espectro_FFT_Penha_Periodo.png used on input l
ine 1174.
(pdftex.def)             Requested size: 773.91794pt x 351.79378pt.

Overfull \hbox (28.45572pt too wide) in paragraph at lines 1174--1176
 [][] 
 []

[70

 <./figuras/Espectro_FFT_Penha_Periodo.png>] [71

]
<figuras/Temperatura_Geral.png, id=306, 1084.05pt x 361.35pt>
File: figuras/Temperatura_Geral.png Graphic file (type png)

<use figuras/Temperatura_Geral.png>
Package pdftex.def Info: figuras/Temperatura_Geral.png used on input line 1204.

(pdftex.def)             Requested size: 773.91794pt x 257.98285pt.

Overfull \hbox (28.45572pt too wide) in paragraph at lines 1204--1206
 [][] 
 []

[72

 <./figuras/Temperatura_Geral.png>]
<figuras/CurrentRose_ST001_DepthAv.png, id=311, 1084.05pt x 722.7pt>
File: figuras/CurrentRose_ST001_DepthAv.png Graphic file (type png)

<use figuras/CurrentRose_ST001_DepthAv.png>
Package pdftex.def Info: figuras/CurrentRose_ST001_DepthAv.png used on input li
ne 1234.
(pdftex.def)             Requested size: 483.69687pt x 322.46614pt.

<figuras/CurrentRose_ST002_DepthAv.png, id=312, 987.2082pt x 537.6888pt>
File: figuras/CurrentRose_ST002_DepthAv.png Graphic file (type png)

<use figuras/CurrentRose_ST002_DepthAv.png>
Package pdftex.def Info: figuras/CurrentRose_ST002_DepthAv.png used on input li
ne 1240.
(pdftex.def)             Requested size: 483.69687pt x 263.4452pt.

<figuras/CurrentRose_ST003_DepthAv.png, id=313, 987.2082pt x 537.6888pt>
File: figuras/CurrentRose_ST003_DepthAv.png Graphic file (type png)

<use figuras/CurrentRose_ST003_DepthAv.png>
Package pdftex.def Info: figuras/CurrentRose_ST003_DepthAv.png used on input li
ne 1246.
(pdftex.def)             Requested size: 483.69687pt x 263.4452pt.

<figuras/Corrente_ST001_HistVel.png, id=314, 1084.05pt x 361.35pt>
File: figuras/Corrente_ST001_HistVel.png Graphic file (type png)

<use figuras/Corrente_ST001_HistVel.png>
Package pdftex.def Info: figuras/Corrente_ST001_HistVel.png used on input line 
1252.
(pdftex.def)             Requested size: 532.0695pt x 177.3608pt.

Overfull \hbox (48.37263pt too wide) in paragraph at lines 1252--1254
 [][] 
 []

<figuras/Corrente_ST002_HistVel.png, id=315, 1084.05pt x 361.35pt>
File: figuras/Corrente_ST002_HistVel.png Graphic file (type png)

<use figuras/Corrente_ST002_HistVel.png>
Package pdftex.def Info: figuras/Corrente_ST002_HistVel.png used on input line 
1258.
(pdftex.def)             Requested size: 532.0695pt x 177.3608pt.

Overfull \hbox (48.37263pt too wide) in paragraph at lines 1258--1260
 [][] 
 []

<figuras/Corrente_ST003_HistVel.png, id=316, 1084.05pt x 361.35pt>
File: figuras/Corrente_ST003_HistVel.png Graphic file (type png)

<use figuras/Corrente_ST003_HistVel.png>
Package pdftex.def Info: figuras/Corrente_ST003_HistVel.png used on input line 
1264.
(pdftex.def)             Requested size: 532.0695pt x 177.3608pt.

Overfull \hbox (48.37263pt too wide) in paragraph at lines 1264--1266
 [][] 
 []


<figuras/english/ST001_cumulative_velocity_hist.png, id=317, 578.16pt x 433.62p
t>
File: figuras/english/ST001_cumulative_velocity_hist.png Graphic file (type png
)
 <use figuras/english/ST001_cumulative_velocity_hist.png>
Package pdftex.def Info: figuras/english/ST001_cumulative_velocity_hist.png use
d on input line 1270.
(pdftex.def)             Requested size: 386.95897pt x 290.21953pt.

<figuras/english/ST002_cumulative_velocity_hist.png, id=318, 578.16pt x 433.62p
t>
File: figuras/english/ST002_cumulative_velocity_hist.png Graphic file (type png
)
 <use figuras/english/ST002_cumulative_velocity_hist.png>
Package pdftex.def Info: figuras/english/ST002_cumulative_velocity_hist.png use
d on input line 1276.
(pdftex.def)             Requested size: 386.95897pt x 290.21953pt.

<figuras/english/ST003_cumulative_velocity_hist.png, id=319, 578.16pt x 433.62p
t>
File: figuras/english/ST003_cumulative_velocity_hist.png Graphic file (type png
)
 <use figuras/english/ST003_cumulative_velocity_hist.png>
Package pdftex.def Info: figuras/english/ST003_cumulative_velocity_hist.png use
d on input line 1282.
(pdftex.def)             Requested size: 386.95897pt x 290.21953pt.
 [73

] [74 <./figuras/CurrentRose_ST001_DepthAv.png> <./figuras/CurrentRose_ST002_De
pthAv.png>]
[75 <./figuras/CurrentRose_ST003_DepthAv.png> <./figuras/Corrente_ST001_HistVel
.png> <./figuras/Corrente_ST002_HistVel.png>] [76 <./figuras/Corrente_ST003_His
tVel.png> <./figuras/english/ST001_cumulative_velocity_hist.png>] [77 <./figura
s/english/ST002_cumulative_velocity_hist.png> <./figuras/english/ST003_cumulati
ve_velocity_hist.png>]
<figuras/Corrente_Quiver_ST001.png, id=345, 794.97pt x 361.35pt>
File: figuras/Corrente_Quiver_ST001.png Graphic file (type png)

<use figuras/Corrente_Quiver_ST001.png>
Package pdftex.def Info: figuras/Corrente_Quiver_ST001.png used on input line 1
289.
(pdftex.def)             Requested size: 773.91794pt x 351.79378pt.

Overfull \hbox (28.45572pt too wide) in paragraph at lines 1289--1291
 [][] 
 []

<figuras/Corrente_Quiver_ST002.png, id=346, 794.97pt x 361.35pt>
File: figuras/Corrente_Quiver_ST002.png Graphic file (type png)

<use figuras/Corrente_Quiver_ST002.png>
Package pdftex.def Info: figuras/Corrente_Quiver_ST002.png used on input line 1
295.
(pdftex.def)             Requested size: 773.91794pt x 351.79378pt.

Overfull \hbox (28.45572pt too wide) in paragraph at lines 1295--1297
 [][] 
 []

<figuras/Corrente_Quiver_ST003.png, id=347, 794.97pt x 361.35pt>
File: figuras/Corrente_Quiver_ST003.png Graphic file (type png)

<use figuras/Corrente_Quiver_ST003.png>
Package pdftex.def Info: figuras/Corrente_Quiver_ST003.png used on input line 1
301.
(pdftex.def)             Requested size: 773.91794pt x 351.79378pt.

Overfull \hbox (28.45572pt too wide) in paragraph at lines 1301--1303
 [][] 
 []

[78

 <./figuras/Corrente_Quiver_ST001.png>] [79 <./figuras/Corrente_Quiver_ST002.pn
g>] [80 <./figuras/Corrente_Quiver_ST003.png>]
<figuras/Grade.png, id=360, 431.6125pt x 579.16376pt>
File: figuras/Grade.png Graphic file (type png)
 <use figuras/Grade.png>
Package pdftex.def Info: figuras/Grade.png used on input line 1334.
(pdftex.def)             Requested size: 435.32422pt x 584.16425pt.

<figuras/Batimetria.png, id=361, 514.92375pt x 583.17876pt>
File: figuras/Batimetria.png Graphic file (type png)

<use figuras/Batimetria.png>
Package pdftex.def Info: figuras/Batimetria.png used on input line 1343.
(pdftex.def)             Requested size: 435.32422pt x 493.03471pt.
 [81


] [82 <./figuras/Grade.png>] [83 <./figuras/Batimetria.png>] [84

] [85]
<figuras/Calibracao/RMSE_U_st001_Refined36.png, id=378, 867.24pt x 433.62pt>
File: figuras/Calibracao/RMSE_U_st001_Refined36.png Graphic file (type png)

<use figuras/Calibracao/RMSE_U_st001_Refined36.png>
Package pdftex.def Info: figuras/Calibracao/RMSE_U_st001_Refined36.png used on 
input line 1394.
(pdftex.def)             Requested size: 773.91794pt x 386.97923pt.

Overfull \hbox (28.45572pt too wide) in paragraph at lines 1394--1396
 [][] 
 []

<figuras/Calibracao/RMSE_U_st002_Refined36.png, id=379, 867.24pt x 433.62pt>
File: figuras/Calibracao/RMSE_U_st002_Refined36.png Graphic file (type png)

<use figuras/Calibracao/RMSE_U_st002_Refined36.png>
Package pdftex.def Info: figuras/Calibracao/RMSE_U_st002_Refined36.png used on 
input line 1400.
(pdftex.def)             Requested size: 773.91794pt x 386.97923pt.

Overfull \hbox (28.45572pt too wide) in paragraph at lines 1400--1402
 [][] 
 []

<figuras/Calibracao/RMSE_U_st003_Refined36.png, id=380, 867.24pt x 433.62pt>
File: figuras/Calibracao/RMSE_U_st003_Refined36.png Graphic file (type png)

<use figuras/Calibracao/RMSE_U_st003_Refined36.png>
Package pdftex.def Info: figuras/Calibracao/RMSE_U_st003_Refined36.png used on 
input line 1406.
(pdftex.def)             Requested size: 773.91794pt x 386.97923pt.

Overfull \hbox (28.45572pt too wide) in paragraph at lines 1406--1408
 [][] 
 []

<figuras/Calibracao/RMSE_V_st001_Refined36.png, id=381, 867.24pt x 433.62pt>
File: figuras/Calibracao/RMSE_V_st001_Refined36.png Graphic file (type png)

<use figuras/Calibracao/RMSE_V_st001_Refined36.png>
Package pdftex.def Info: figuras/Calibracao/RMSE_V_st001_Refined36.png used on 
input line 1412.
(pdftex.def)             Requested size: 773.91794pt x 386.97923pt.

Overfull \hbox (28.45572pt too wide) in paragraph at lines 1412--1414
 [][] 
 []

<figuras/Calibracao/RMSE_V_st002_Refined36.png, id=382, 867.24pt x 433.62pt>
File: figuras/Calibracao/RMSE_V_st002_Refined36.png Graphic file (type png)

<use figuras/Calibracao/RMSE_V_st002_Refined36.png>
Package pdftex.def Info: figuras/Calibracao/RMSE_V_st002_Refined36.png used on 
input line 1418.
(pdftex.def)             Requested size: 773.91794pt x 386.97923pt.

Overfull \hbox (28.45572pt too wide) in paragraph at lines 1418--1420
 [][] 
 []

<figuras/Calibracao/RMSE_V_st003_Refined36.png, id=383, 867.24pt x 433.62pt>
File: figuras/Calibracao/RMSE_V_st003_Refined36.png Graphic file (type png)

<use figuras/Calibracao/RMSE_V_st003_Refined36.png>
Package pdftex.def Info: figuras/Calibracao/RMSE_V_st003_Refined36.png used on 
input line 1424.
(pdftex.def)             Requested size: 773.91794pt x 386.97923pt.

Overfull \hbox (28.45572pt too wide) in paragraph at lines 1424--1426
 [][] 
 []

[86

 <./figuras/Calibracao/RMSE_U_st001_Refined36.png (PNG copy)>] [87 <./figuras/C
alibracao/RMSE_U_st002_Refined36.png (PNG copy)>] [88 <./figuras/Calibracao/RMS
E_U_st003_Refined36.png (PNG copy)>] [89 <./figuras/Calibracao/RMSE_V_st001_Ref
ined36.png (PNG copy)>] [90 <./figuras/Calibracao/RMSE_V_st002_Refined36.png (P
NG copy)>] [91 <./figuras/Calibracao/RMSE_V_st003_Refined36.png (PNG copy)>] [9
2

]
<figuras/results/Cenario01/Cenario01_residual_total.png, id=406, 469.755pt x 43
3.62pt>
File: figuras/results/Cenario01/Cenario01_residual_total.png Graphic file (type
 png)
 <use figuras/results/Cenario01/Cenario01_residual_total.png>
Package pdftex.def Info: figuras/results/Cenario01/Cenario01_residual_total.png
 used on input line 1468.
(pdftex.def)             Requested size: 483.69687pt x 446.48802pt.
 [93 <./figuras/results/Cenario01/Cenario01_residual_total.png (PNG copy)>]
<figuras/results/Cenario01/50h/Cenario01_residual_50h_ts_508.png, id=410, 469.7
55pt x 433.62pt>
File: figuras/results/Cenario01/50h/Cenario01_residual_50h_ts_508.png Graphic f
ile (type png)

<use figuras/results/Cenario01/50h/Cenario01_residual_50h_ts_508.png>
Package pdftex.def Info: figuras/results/Cenario01/50h/Cenario01_residual_50h_t
s_508.png used on input line 1477.
(pdftex.def)             Requested size: 483.69687pt x 446.48802pt.
 [94

 <./figuras/results/Cenario01/50h/Cenario01_residual_50h_ts_508.png (PNG copy)>
]
<figuras/results/Cenario02/Cenario02_residual_total.png, id=414, 469.755pt x 43
3.62pt>
File: figuras/results/Cenario02/Cenario02_residual_total.png Graphic file (type
 png)
 <use figuras/results/Cenario02/Cenario02_residual_total.png>
Package pdftex.def Info: figuras/results/Cenario02/Cenario02_residual_total.png
 used on input line 1492.
(pdftex.def)             Requested size: 483.69687pt x 446.48802pt.
 [95

 <./figuras/results/Cenario02/Cenario02_residual_total.png (PNG copy)>]
<figuras/results/Cenario03/Cenario03_residual_total.png, id=419, 469.755pt x 43
3.62pt>
File: figuras/results/Cenario03/Cenario03_residual_total.png Graphic file (type
 png)
 <use figuras/results/Cenario03/Cenario03_residual_total.png>
Package pdftex.def Info: figuras/results/Cenario03/Cenario03_residual_total.png
 used on input line 1508.
(pdftex.def)             Requested size: 483.69687pt x 446.48802pt.
 [96

 <./figuras/results/Cenario03/Cenario03_residual_total.png (PNG copy)>]
<figuras/results/Cenario04/Cenario04_residual_total.png, id=423, 469.755pt x 43
3.62pt>
File: figuras/results/Cenario04/Cenario04_residual_total.png Graphic file (type
 png)
 <use figuras/results/Cenario04/Cenario04_residual_total.png>
Package pdftex.def Info: figuras/results/Cenario04/Cenario04_residual_total.png
 used on input line 1522.
(pdftex.def)             Requested size: 483.69687pt x 446.48802pt.
 [97

 <./figuras/results/Cenario04/Cenario04_residual_total.png (PNG copy)>]
<figuras/results/Cenario05/Cenario05_residual_total.png, id=427, 469.755pt x 43
3.62pt>
File: figuras/results/Cenario05/Cenario05_residual_total.png Graphic file (type
 png)
 <use figuras/results/Cenario05/Cenario05_residual_total.png>
Package pdftex.def Info: figuras/results/Cenario05/Cenario05_residual_total.png
 used on input line 1534.
(pdftex.def)             Requested size: 483.69687pt x 446.48802pt.

<figuras/results/Cenario05/50h/Cenario05_residual_50h_ts_508.png, id=428, 469.7
55pt x 433.62pt>
File: figuras/results/Cenario05/50h/Cenario05_residual_50h_ts_508.png Graphic f
ile (type png)

<use figuras/results/Cenario05/50h/Cenario05_residual_50h_ts_508.png>
Package pdftex.def Info: figuras/results/Cenario05/50h/Cenario05_residual_50h_t
s_508.png used on input line 1542.
(pdftex.def)             Requested size: 483.69687pt x 446.48802pt.
 [98

 <./figuras/results/Cenario05/Cenario05_residual_total.png (PNG copy)>] [99 <./
figuras/results/Cenario05/50h/Cenario05_residual_50h_ts_508.png (PNG copy)>]
<figuras/results/Cenario06/Cenario06_residual_total.png, id=436, 469.755pt x 43
3.62pt>
File: figuras/results/Cenario06/Cenario06_residual_total.png Graphic file (type
 png)
 <use figuras/results/Cenario06/Cenario06_residual_total.png>
Package pdftex.def Info: figuras/results/Cenario06/Cenario06_residual_total.png
 used on input line 1554.
(pdftex.def)             Requested size: 483.69687pt x 446.48802pt.
 [100

 <./figuras/results/Cenario06/Cenario06_residual_total.png (PNG copy)>]
<figuras/results/Cenario07/Cenario07_residual_total.png, id=440, 469.755pt x 43
3.62pt>
File: figuras/results/Cenario07/Cenario07_residual_total.png Graphic file (type
 png)
 <use figuras/results/Cenario07/Cenario07_residual_total.png>
Package pdftex.def Info: figuras/results/Cenario07/Cenario07_residual_total.png
 used on input line 1567.
(pdftex.def)             Requested size: 483.69687pt x 446.48802pt.

<figuras/results/Cenario07/50h/Cenario07_residual_50h_ts_508.png, id=441, 469.7
55pt x 433.62pt>
File: figuras/results/Cenario07/50h/Cenario07_residual_50h_ts_508.png Graphic f
ile (type png)

<use figuras/results/Cenario07/50h/Cenario07_residual_50h_ts_508.png>
Package pdftex.def Info: figuras/results/Cenario07/50h/Cenario07_residual_50h_t
s_508.png used on input line 1573.
(pdftex.def)             Requested size: 483.69687pt x 446.48802pt.

<figuras/results/Cenario07/50h/Cenario07_residual_50h_ts_658.png, id=442, 469.7
55pt x 433.62pt>
File: figuras/results/Cenario07/50h/Cenario07_residual_50h_ts_658.png Graphic f
ile (type png)

<use figuras/results/Cenario07/50h/Cenario07_residual_50h_ts_658.png>
Package pdftex.def Info: figuras/results/Cenario07/50h/Cenario07_residual_50h_t
s_658.png used on input line 1579.
(pdftex.def)             Requested size: 483.69687pt x 446.48802pt.
 [101

 <./figuras/results/Cenario07/Cenario07_residual_total.png (PNG copy)>] [102 <.
/figuras/results/Cenario07/50h/Cenario07_residual_50h_ts_508.png (PNG copy)>]
[103 <./figuras/results/Cenario07/50h/Cenario07_residual_50h_ts_658.png (PNG co
py)>]
<figuras/results/Cenario08/Cenario08_residual_total.png, id=453, 469.755pt x 43
3.62pt>
File: figuras/results/Cenario08/Cenario08_residual_total.png Graphic file (type
 png)
 <use figuras/results/Cenario08/Cenario08_residual_total.png>
Package pdftex.def Info: figuras/results/Cenario08/Cenario08_residual_total.png
 used on input line 1589.
(pdftex.def)             Requested size: 483.69687pt x 446.48802pt.
 [104

 <./figuras/results/Cenario08/Cenario08_residual_total.png (PNG copy)>]
<figuras/results/Cenario09/Cenario09_residual_total.png, id=457, 469.755pt x 43
3.62pt>
File: figuras/results/Cenario09/Cenario09_residual_total.png Graphic file (type
 png)
 <use figuras/results/Cenario09/Cenario09_residual_total.png>
Package pdftex.def Info: figuras/results/Cenario09/Cenario09_residual_total.png
 used on input line 1602.
(pdftex.def)             Requested size: 483.69687pt x 446.48802pt.
 [105

 <./figuras/results/Cenario09/Cenario09_residual_total.png (PNG copy)>]
<figuras/results/Cenario10/Cenario10_residual_total.png, id=461, 469.755pt x 43
3.62pt>
File: figuras/results/Cenario10/Cenario10_residual_total.png Graphic file (type
 png)
 <use figuras/results/Cenario10/Cenario10_residual_total.png>
Package pdftex.def Info: figuras/results/Cenario10/Cenario10_residual_total.png
 used on input line 1615.
(pdftex.def)             Requested size: 483.69687pt x 446.48802pt.
 [106

 <./figuras/results/Cenario10/Cenario10_residual_total.png (PNG copy)>]
Cap\'{\i }tulo 5.

Overfull \hbox (28.97723pt too wide) in paragraph at lines 1630--1631
[]\OT1/cmr/m/n/12 Verificou-se que, con-si-de-rando to-dos os da-dos ana-li-sa-
dos, 58,3% dos ca-sos de vento encontravam-
 []

[107

] [108]
Cap\'{\i }tulo 6.
[109

] [110]
Cap\'{\i }tulo 7.
(./dissertacao.bbl [111

] [112

] [113] [114] [115]) [116] [117

]
Apendice A.
<figuras/camadas/CurrentRose_ST001_Cel1.png, id=500, 1084.05pt x 722.7pt>
File: figuras/camadas/CurrentRose_ST001_Cel1.png Graphic file (type png)

<use figuras/camadas/CurrentRose_ST001_Cel1.png>
Package pdftex.def Info: figuras/camadas/CurrentRose_ST001_Cel1.png used on inp
ut line 1717.
(pdftex.def)             Requested size: 725.5453pt x 483.71025pt.


LaTeX Warning: Float too large for page by 27.51338pt on input line 1720.

<figuras/camadas/Corrente_ST001_Camada1.png, id=501, 1084.05pt x 361.35pt>
File: figuras/camadas/Corrente_ST001_Camada1.png Graphic file (type png)

<use figuras/camadas/Corrente_ST001_Camada1.png>
Package pdftex.def Info: figuras/camadas/Corrente_ST001_Camada1.png used on inp
ut line 1723.
(pdftex.def)             Requested size: 822.28319pt x 274.10504pt.

Overfull \hbox (76.82097pt too wide) in paragraph at lines 1723--1725
 [][] 
 []

<figuras/camadas/CurrentRose_ST001_Cel2.png, id=502, 1084.05pt x 722.7pt>
File: figuras/camadas/CurrentRose_ST001_Cel2.png Graphic file (type png)

<use figuras/camadas/CurrentRose_ST001_Cel2.png>
Package pdftex.def Info: figuras/camadas/CurrentRose_ST001_Cel2.png used on inp
ut line 1745.
(pdftex.def)             Requested size: 725.5453pt x 483.71025pt.


LaTeX Warning: Float too large for page by 27.51338pt on input line 1748.

<figuras/camadas/Corrente_ST001_Camada2.png, id=503, 1084.05pt x 361.35pt>
File: figuras/camadas/Corrente_ST001_Camada2.png Graphic file (type png)

<use figuras/camadas/Corrente_ST001_Camada2.png>
Package pdftex.def Info: figuras/camadas/Corrente_ST001_Camada2.png used on inp
ut line 1752.
(pdftex.def)             Requested size: 822.28319pt x 274.10504pt.

Overfull \hbox (76.82097pt too wide) in paragraph at lines 1752--1754
 [][] 
 []

<figuras/camadas/CurrentRose_ST001_Cel3.png, id=504, 1084.05pt x 722.7pt>
File: figuras/camadas/CurrentRose_ST001_Cel3.png Graphic file (type png)

<use figuras/camadas/CurrentRose_ST001_Cel3.png>
Package pdftex.def Info: figuras/camadas/CurrentRose_ST001_Cel3.png used on inp
ut line 1774.
(pdftex.def)             Requested size: 725.5453pt x 483.71025pt.


LaTeX Warning: Float too large for page by 27.51338pt on input line 1777.

<figuras/camadas/Corrente_ST001_Camada3.png, id=505, 1084.05pt x 361.35pt>
File: figuras/camadas/Corrente_ST001_Camada3.png Graphic file (type png)

<use figuras/camadas/Corrente_ST001_Camada3.png>
Package pdftex.def Info: figuras/camadas/Corrente_ST001_Camada3.png used on inp
ut line 1781.
(pdftex.def)             Requested size: 822.28319pt x 274.10504pt.

Overfull \hbox (76.82097pt too wide) in paragraph at lines 1781--1783
 [][] 
 []

[118 <./figuras/camadas/CurrentRose_ST001_Cel1.png>] [119 <./figuras/camadas/Co
rrente_ST001_Camada1.png>] [120 <./figuras/camadas/CurrentRose_ST001_Cel2.png>]
[121 <./figuras/camadas/Corrente_ST001_Camada2.png>] [122 <./figuras/camadas/Cu
rrentRose_ST001_Cel3.png>] [123 <./figuras/camadas/Corrente_ST001_Camada3.png>]
<figuras/camadas/CurrentRose_ST002_Cel1.png, id=534, 1084.05pt x 722.7pt>
File: figuras/camadas/CurrentRose_ST002_Cel1.png Graphic file (type png)

<use figuras/camadas/CurrentRose_ST002_Cel1.png>
Package pdftex.def Info: figuras/camadas/CurrentRose_ST002_Cel1.png used on inp
ut line 1807.
(pdftex.def)             Requested size: 725.5453pt x 483.71025pt.


LaTeX Warning: Float too large for page by 27.51338pt on input line 1810.

<figuras/camadas/Corrente_ST002_Camada1.png, id=535, 1084.05pt x 361.35pt>
File: figuras/camadas/Corrente_ST002_Camada1.png Graphic file (type png)

<use figuras/camadas/Corrente_ST002_Camada1.png>
Package pdftex.def Info: figuras/camadas/Corrente_ST002_Camada1.png used on inp
ut line 1814.
(pdftex.def)             Requested size: 822.28319pt x 274.10504pt.

Overfull \hbox (76.82097pt too wide) in paragraph at lines 1814--1816
 [][] 
 []

<figuras/camadas/CurrentRose_ST002_Cel2.png, id=536, 1084.05pt x 722.7pt>
File: figuras/camadas/CurrentRose_ST002_Cel2.png Graphic file (type png)

<use figuras/camadas/CurrentRose_ST002_Cel2.png>
Package pdftex.def Info: figuras/camadas/CurrentRose_ST002_Cel2.png used on inp
ut line 1837.
(pdftex.def)             Requested size: 725.5453pt x 483.71025pt.


LaTeX Warning: Float too large for page by 27.51338pt on input line 1840.

<figuras/camadas/Corrente_ST002_Camada2.png, id=537, 1084.05pt x 361.35pt>
File: figuras/camadas/Corrente_ST002_Camada2.png Graphic file (type png)

<use figuras/camadas/Corrente_ST002_Camada2.png>
Package pdftex.def Info: figuras/camadas/Corrente_ST002_Camada2.png used on inp
ut line 1844.
(pdftex.def)             Requested size: 822.28319pt x 274.10504pt.

Overfull \hbox (76.82097pt too wide) in paragraph at lines 1844--1846
 [][] 
 []

<figuras/camadas/CurrentRose_ST002_Cel3.png, id=538, 1084.05pt x 722.7pt>
File: figuras/camadas/CurrentRose_ST002_Cel3.png Graphic file (type png)

<use figuras/camadas/CurrentRose_ST002_Cel3.png>
Package pdftex.def Info: figuras/camadas/CurrentRose_ST002_Cel3.png used on inp
ut line 1867.
(pdftex.def)             Requested size: 725.5453pt x 483.71025pt.


LaTeX Warning: Float too large for page by 27.51338pt on input line 1870.

<figuras/camadas/Corrente_ST002_Camada3.png, id=539, 1084.05pt x 361.35pt>
File: figuras/camadas/Corrente_ST002_Camada3.png Graphic file (type png)

<use figuras/camadas/Corrente_ST002_Camada3.png>
Package pdftex.def Info: figuras/camadas/Corrente_ST002_Camada3.png used on inp
ut line 1874.
(pdftex.def)             Requested size: 822.28319pt x 274.10504pt.

Overfull \hbox (76.82097pt too wide) in paragraph at lines 1874--1876
 [][] 
 []

<figuras/camadas/CurrentRose_ST002_Cel4.png, id=540, 987.2082pt x 537.6888pt>
File: figuras/camadas/CurrentRose_ST002_Cel4.png Graphic file (type png)

<use figuras/camadas/CurrentRose_ST002_Cel4.png>
Package pdftex.def Info: figuras/camadas/CurrentRose_ST002_Cel4.png used on inp
ut line 1897.
(pdftex.def)             Requested size: 773.91794pt x 421.52052pt.

Overfull \hbox (28.45572pt too wide) in paragraph at lines 1897--1899
 [][] 
 []

<figuras/camadas/Corrente_ST002_Camada4.png, id=541, 1084.05pt x 361.35pt>
File: figuras/camadas/Corrente_ST002_Camada4.png Graphic file (type png)

<use figuras/camadas/Corrente_ST002_Camada4.png>
Package pdftex.def Info: figuras/camadas/Corrente_ST002_Camada4.png used on inp
ut line 1904.
(pdftex.def)             Requested size: 822.28319pt x 274.10504pt.

Overfull \hbox (76.82097pt too wide) in paragraph at lines 1904--1906
 [][] 
 []

<figuras/camadas/CurrentRose_ST002_Cel5.png, id=542, 1084.05pt x 722.7pt>
File: figuras/camadas/CurrentRose_ST002_Cel5.png Graphic file (type png)

<use figuras/camadas/CurrentRose_ST002_Cel5.png>
Package pdftex.def Info: figuras/camadas/CurrentRose_ST002_Cel5.png used on inp
ut line 1926.
(pdftex.def)             Requested size: 725.5453pt x 483.71025pt.


LaTeX Warning: Float too large for page by 27.51338pt on input line 1929.

<figuras/camadas/Corrente_ST002_Camada5.png, id=543, 1084.05pt x 361.35pt>
File: figuras/camadas/Corrente_ST002_Camada5.png Graphic file (type png)

<use figuras/camadas/Corrente_ST002_Camada5.png>
Package pdftex.def Info: figuras/camadas/Corrente_ST002_Camada5.png used on inp
ut line 1933.
(pdftex.def)             Requested size: 822.28319pt x 274.10504pt.

Overfull \hbox (76.82097pt too wide) in paragraph at lines 1933--1935
 [][] 
 []

[124 <./figuras/camadas/CurrentRose_ST002_Cel1.png>] [125 <./figuras/camadas/Co
rrente_ST002_Camada1.png>] [126 <./figuras/camadas/CurrentRose_ST002_Cel2.png>]
[127 <./figuras/camadas/Corrente_ST002_Camada2.png>] [128 <./figuras/camadas/Cu
rrentRose_ST002_Cel3.png>] [129 <./figuras/camadas/Corrente_ST002_Camada3.png>]
[130 <./figuras/camadas/CurrentRose_ST002_Cel4.png>] [131 <./figuras/camadas/Co
rrente_ST002_Camada4.png>] [132 <./figuras/camadas/CurrentRose_ST002_Cel5.png>]
[133 <./figuras/camadas/Corrente_ST002_Camada5.png>]
<figuras/camadas/CurrentRose_ST002_Cel6.png, id=586, 1084.05pt x 722.7pt>
File: figuras/camadas/CurrentRose_ST002_Cel6.png Graphic file (type png)

<use figuras/camadas/CurrentRose_ST002_Cel6.png>
Package pdftex.def Info: figuras/camadas/CurrentRose_ST002_Cel6.png used on inp
ut line 1960.
(pdftex.def)             Requested size: 725.5453pt x 483.71025pt.


LaTeX Warning: Float too large for page by 27.51338pt on input line 1963.

<figuras/camadas/Corrente_ST002_Camada6.png, id=587, 1084.05pt x 361.35pt>
File: figuras/camadas/Corrente_ST002_Camada6.png Graphic file (type png)

<use figuras/camadas/Corrente_ST002_Camada6.png>
Package pdftex.def Info: figuras/camadas/Corrente_ST002_Camada6.png used on inp
ut line 1968.
(pdftex.def)             Requested size: 822.28319pt x 274.10504pt.

Overfull \hbox (76.82097pt too wide) in paragraph at lines 1968--1970
 [][] 
 []

[134 <./figuras/camadas/CurrentRose_ST002_Cel6.png>] [135 <./figuras/camadas/Co
rrente_ST002_Camada6.png>]
<figuras/camadas/CurrentRose_ST002_Cel7.png, id=596, 1084.05pt x 722.7pt>
File: figuras/camadas/CurrentRose_ST002_Cel7.png Graphic file (type png)

<use figuras/camadas/CurrentRose_ST002_Cel7.png>
Package pdftex.def Info: figuras/camadas/CurrentRose_ST002_Cel7.png used on inp
ut line 1994.
(pdftex.def)             Requested size: 725.5453pt x 483.71025pt.


LaTeX Warning: Float too large for page by 27.51338pt on input line 1997.

<figuras/camadas/Corrente_ST002_Camada7.png, id=597, 1084.05pt x 361.35pt>
File: figuras/camadas/Corrente_ST002_Camada7.png Graphic file (type png)

<use figuras/camadas/Corrente_ST002_Camada7.png>
Package pdftex.def Info: figuras/camadas/Corrente_ST002_Camada7.png used on inp
ut line 2001.
(pdftex.def)             Requested size: 822.28319pt x 274.10504pt.

Overfull \hbox (76.82097pt too wide) in paragraph at lines 2001--2003
 [][] 
 []

[136 <./figuras/camadas/CurrentRose_ST002_Cel7.png>] [137 <./figuras/camadas/Co
rrente_ST002_Camada7.png>]
<figuras/camadas/CurrentRose_ST002_Cel8.png, id=607, 1084.05pt x 722.7pt>
File: figuras/camadas/CurrentRose_ST002_Cel8.png Graphic file (type png)

<use figuras/camadas/CurrentRose_ST002_Cel8.png>
Package pdftex.def Info: figuras/camadas/CurrentRose_ST002_Cel8.png used on inp
ut line 2025.
(pdftex.def)             Requested size: 725.5453pt x 483.71025pt.


LaTeX Warning: Float too large for page by 27.51338pt on input line 2028.

<figuras/camadas/Corrente_ST002_Camada8.png, id=608, 1084.05pt x 361.35pt>
File: figuras/camadas/Corrente_ST002_Camada8.png Graphic file (type png)

<use figuras/camadas/Corrente_ST002_Camada8.png>
Package pdftex.def Info: figuras/camadas/Corrente_ST002_Camada8.png used on inp
ut line 2032.
(pdftex.def)             Requested size: 822.28319pt x 274.10504pt.

Overfull \hbox (76.82097pt too wide) in paragraph at lines 2032--2034
 [][] 
 []

<figuras/camadas/CurrentRose_ST002_Cel9.png, id=609, 1084.05pt x 722.7pt>
File: figuras/camadas/CurrentRose_ST002_Cel9.png Graphic file (type png)

<use figuras/camadas/CurrentRose_ST002_Cel9.png>
Package pdftex.def Info: figuras/camadas/CurrentRose_ST002_Cel9.png used on inp
ut line 2054.
(pdftex.def)             Requested size: 725.5453pt x 483.71025pt.


LaTeX Warning: Float too large for page by 27.51338pt on input line 2057.

<figuras/camadas/Corrente_ST002_Camada9.png, id=610, 1084.05pt x 361.35pt>
File: figuras/camadas/Corrente_ST002_Camada9.png Graphic file (type png)

<use figuras/camadas/Corrente_ST002_Camada9.png>
Package pdftex.def Info: figuras/camadas/Corrente_ST002_Camada9.png used on inp
ut line 2061.
(pdftex.def)             Requested size: 822.28319pt x 274.10504pt.

Overfull \hbox (76.82097pt too wide) in paragraph at lines 2061--2063
 [][] 
 []

[138 <./figuras/camadas/CurrentRose_ST002_Cel8.png>] [139 <./figuras/camadas/Co
rrente_ST002_Camada8.png>] [140 <./figuras/camadas/CurrentRose_ST002_Cel9.png>]
[141 <./figuras/camadas/Corrente_ST002_Camada9.png>]
<figuras/camadas/CurrentRose_ST002_Cel10.png, id=627, 987.2082pt x 537.6888pt>
File: figuras/camadas/CurrentRose_ST002_Cel10.png Graphic file (type png)

<use figuras/camadas/CurrentRose_ST002_Cel10.png>
Package pdftex.def Info: figuras/camadas/CurrentRose_ST002_Cel10.png used on in
put line 2086.
(pdftex.def)             Requested size: 773.91794pt x 421.52052pt.

Overfull \hbox (28.45572pt too wide) in paragraph at lines 2086--2088
 [][] 
 []

[142












 <./figuras/camadas/CurrentRose_ST002_Cel10.png>]
<figuras/camadas/Corrente_ST002_Camada10.png, id=632, 1084.05pt x 361.35pt>
File: figuras/camadas/Corrente_ST002_Camada10.png Graphic file (type png)

<use figuras/camadas/Corrente_ST002_Camada10.png>
Package pdftex.def Info: figuras/camadas/Corrente_ST002_Camada10.png used on in
put line 2093.
(pdftex.def)             Requested size: 822.28319pt x 274.10504pt.

Overfull \hbox (76.82097pt too wide) in paragraph at lines 2093--2095
 [][] 
 []

[143 <./figuras/camadas/Corrente_ST002_Camada10.png>]
<figuras/camadas/CurrentRose_ST003_Cel1.png, id=638, 987.2082pt x 537.6888pt>
File: figuras/camadas/CurrentRose_ST003_Cel1.png Graphic file (type png)

<use figuras/camadas/CurrentRose_ST003_Cel1.png>
Package pdftex.def Info: figuras/camadas/CurrentRose_ST003_Cel1.png used on inp
ut line 2117.
(pdftex.def)             Requested size: 773.91794pt x 421.52052pt.

Overfull \hbox (28.45572pt too wide) in paragraph at lines 2117--2119
 [][] 
 []

[144


 <./figuras/camadas/CurrentRose_ST003_Cel1.png>]
<figuras/camadas/Corrente_ST003_Camada1.png, id=643, 1084.05pt x 361.35pt>
File: figuras/camadas/Corrente_ST003_Camada1.png Graphic file (type png)

<use figuras/camadas/Corrente_ST003_Camada1.png>
Package pdftex.def Info: figuras/camadas/Corrente_ST003_Camada1.png used on inp
ut line 2124.
(pdftex.def)             Requested size: 822.28319pt x 274.10504pt.

Overfull \hbox (76.82097pt too wide) in paragraph at lines 2124--2126
 [][] 
 []

[145 <./figuras/camadas/Corrente_ST003_Camada1.png>]
<figuras/camadas/CurrentRose_ST003_Cel2.png, id=648, 987.2082pt x 537.6888pt>
File: figuras/camadas/CurrentRose_ST003_Cel2.png Graphic file (type png)

<use figuras/camadas/CurrentRose_ST003_Cel2.png>
Package pdftex.def Info: figuras/camadas/CurrentRose_ST003_Cel2.png used on inp
ut line 2148.
(pdftex.def)             Requested size: 773.91794pt x 421.52052pt.

Overfull \hbox (28.45572pt too wide) in paragraph at lines 2148--2150
 [][] 
 []

[146


 <./figuras/camadas/CurrentRose_ST003_Cel2.png>]
<figuras/camadas/Corrente_ST003_Camada2.png, id=653, 1084.05pt x 361.35pt>
File: figuras/camadas/Corrente_ST003_Camada2.png Graphic file (type png)

<use figuras/camadas/Corrente_ST003_Camada2.png>
Package pdftex.def Info: figuras/camadas/Corrente_ST003_Camada2.png used on inp
ut line 2155.
(pdftex.def)             Requested size: 822.28319pt x 274.10504pt.

Overfull \hbox (76.82097pt too wide) in paragraph at lines 2155--2157
 [][] 
 []

[147 <./figuras/camadas/Corrente_ST003_Camada2.png>]
<figuras/camadas/CurrentRose_ST003_Cel3.png, id=658, 987.2082pt x 537.6888pt>
File: figuras/camadas/CurrentRose_ST003_Cel3.png Graphic file (type png)

<use figuras/camadas/CurrentRose_ST003_Cel3.png>
Package pdftex.def Info: figuras/camadas/CurrentRose_ST003_Cel3.png used on inp
ut line 2179.
(pdftex.def)             Requested size: 773.91794pt x 421.52052pt.

Overfull \hbox (28.45572pt too wide) in paragraph at lines 2179--2181
 [][] 
 []

[148


 <./figuras/camadas/CurrentRose_ST003_Cel3.png>]
<figuras/camadas/Corrente_ST003_Camada3.png, id=664, 1084.05pt x 361.35pt>
File: figuras/camadas/Corrente_ST003_Camada3.png Graphic file (type png)

<use figuras/camadas/Corrente_ST003_Camada3.png>
Package pdftex.def Info: figuras/camadas/Corrente_ST003_Camada3.png used on inp
ut line 2186.
(pdftex.def)             Requested size: 822.28319pt x 274.10504pt.

Overfull \hbox (76.82097pt too wide) in paragraph at lines 2186--2188
 [][] 
 []

[149 <./figuras/camadas/Corrente_ST003_Camada3.png>]
<figuras/camadas/CurrentRose_ST003_Cel4.png, id=670, 987.2082pt x 537.6888pt>
File: figuras/camadas/CurrentRose_ST003_Cel4.png Graphic file (type png)

<use figuras/camadas/CurrentRose_ST003_Cel4.png>
Package pdftex.def Info: figuras/camadas/CurrentRose_ST003_Cel4.png used on inp
ut line 2210.
(pdftex.def)             Requested size: 773.91794pt x 421.52052pt.

Overfull \hbox (28.45572pt too wide) in paragraph at lines 2210--2212
 [][] 
 []

[150


 <./figuras/camadas/CurrentRose_ST003_Cel4.png>]
<figuras/camadas/Corrente_ST003_Camada4.png, id=675, 1084.05pt x 361.35pt>
File: figuras/camadas/Corrente_ST003_Camada4.png Graphic file (type png)

<use figuras/camadas/Corrente_ST003_Camada4.png>
Package pdftex.def Info: figuras/camadas/Corrente_ST003_Camada4.png used on inp
ut line 2217.
(pdftex.def)             Requested size: 822.28319pt x 274.10504pt.

Overfull \hbox (76.82097pt too wide) in paragraph at lines 2217--2219
 [][] 
 []

[151 <./figuras/camadas/Corrente_ST003_Camada4.png>]
<figuras/camadas/CurrentRose_ST003_Cel5.png, id=680, 987.2082pt x 537.6888pt>
File: figuras/camadas/CurrentRose_ST003_Cel5.png Graphic file (type png)

<use figuras/camadas/CurrentRose_ST003_Cel5.png>
Package pdftex.def Info: figuras/camadas/CurrentRose_ST003_Cel5.png used on inp
ut line 2239.
(pdftex.def)             Requested size: 773.91794pt x 421.52052pt.

Overfull \hbox (28.45572pt too wide) in paragraph at lines 2239--2241
 [][] 
 []

[152 <./figuras/camadas/CurrentRose_ST003_Cel5.png>]
<figuras/camadas/Corrente_ST003_Camada5.png, id=685, 1084.05pt x 361.35pt>
File: figuras/camadas/Corrente_ST003_Camada5.png Graphic file (type png)

<use figuras/camadas/Corrente_ST003_Camada5.png>
Package pdftex.def Info: figuras/camadas/Corrente_ST003_Camada5.png used on inp
ut line 2246.
(pdftex.def)             Requested size: 822.28319pt x 274.10504pt.

Overfull \hbox (76.82097pt too wide) in paragraph at lines 2246--2248
 [][] 
 []

[153 <./figuras/camadas/Corrente_ST003_Camada5.png>]
<figuras/camadas/CurrentRose_ST003_Cel6.png, id=690, 987.2082pt x 537.6888pt>
File: figuras/camadas/CurrentRose_ST003_Cel6.png Graphic file (type png)

<use figuras/camadas/CurrentRose_ST003_Cel6.png>
Package pdftex.def Info: figuras/camadas/CurrentRose_ST003_Cel6.png used on inp
ut line 2270.
(pdftex.def)             Requested size: 773.91794pt x 421.52052pt.

Overfull \hbox (28.45572pt too wide) in paragraph at lines 2270--2272
 [][] 
 []

[154


 <./figuras/camadas/CurrentRose_ST003_Cel6.png>]
<figuras/camadas/Corrente_ST003_Camada6.png, id=695, 1084.05pt x 361.35pt>
File: figuras/camadas/Corrente_ST003_Camada6.png Graphic file (type png)

<use figuras/camadas/Corrente_ST003_Camada6.png>
Package pdftex.def Info: figuras/camadas/Corrente_ST003_Camada6.png used on inp
ut line 2277.
(pdftex.def)             Requested size: 822.28319pt x 274.10504pt.

Overfull \hbox (76.82097pt too wide) in paragraph at lines 2277--2279
 [][] 
 []

[155 <./figuras/camadas/Corrente_ST003_Camada6.png>]
<figuras/camadas/CurrentRose_ST003_Cel7.png, id=701, 987.2082pt x 537.6888pt>
File: figuras/camadas/CurrentRose_ST003_Cel7.png Graphic file (type png)

<use figuras/camadas/CurrentRose_ST003_Cel7.png>
Package pdftex.def Info: figuras/camadas/CurrentRose_ST003_Cel7.png used on inp
ut line 2299.
(pdftex.def)             Requested size: 773.91794pt x 421.52052pt.

Overfull \hbox (28.45572pt too wide) in paragraph at lines 2299--2301
 [][] 
 []

[156 <./figuras/camadas/CurrentRose_ST003_Cel7.png>]
<figuras/camadas/Corrente_ST003_Camada7.png, id=706, 1084.05pt x 361.35pt>
File: figuras/camadas/Corrente_ST003_Camada7.png Graphic file (type png)

<use figuras/camadas/Corrente_ST003_Camada7.png>
Package pdftex.def Info: figuras/camadas/Corrente_ST003_Camada7.png used on inp
ut line 2306.
(pdftex.def)             Requested size: 822.28319pt x 274.10504pt.

Overfull \hbox (76.82097pt too wide) in paragraph at lines 2306--2308
 [][] 
 []

[157 <./figuras/camadas/Corrente_ST003_Camada7.png>]
<figuras/camadas/CurrentRose_ST003_Cel8.png, id=711, 987.2082pt x 537.6888pt>
File: figuras/camadas/CurrentRose_ST003_Cel8.png Graphic file (type png)

<use figuras/camadas/CurrentRose_ST003_Cel8.png>
Package pdftex.def Info: figuras/camadas/CurrentRose_ST003_Cel8.png used on inp
ut line 2330.
(pdftex.def)             Requested size: 773.91794pt x 421.52052pt.

Overfull \hbox (28.45572pt too wide) in paragraph at lines 2330--2332
 [][] 
 []

[158


 <./figuras/camadas/CurrentRose_ST003_Cel8.png>]
<figuras/camadas/Corrente_ST003_Camada8.png, id=716, 1084.05pt x 361.35pt>
File: figuras/camadas/Corrente_ST003_Camada8.png Graphic file (type png)

<use figuras/camadas/Corrente_ST003_Camada8.png>
Package pdftex.def Info: figuras/camadas/Corrente_ST003_Camada8.png used on inp
ut line 2337.
(pdftex.def)             Requested size: 822.28319pt x 274.10504pt.

Overfull \hbox (76.82097pt too wide) in paragraph at lines 2337--2339
 [][] 
 []

[159 <./figuras/camadas/Corrente_ST003_Camada8.png>]
<figuras/camadas/CurrentRose_ST003_Cel9.png, id=721, 987.2082pt x 537.6888pt>
File: figuras/camadas/CurrentRose_ST003_Cel9.png Graphic file (type png)

<use figuras/camadas/CurrentRose_ST003_Cel9.png>
Package pdftex.def Info: figuras/camadas/CurrentRose_ST003_Cel9.png used on inp
ut line 2359.
(pdftex.def)             Requested size: 773.91794pt x 421.52052pt.

Overfull \hbox (28.45572pt too wide) in paragraph at lines 2359--2361
 [][] 
 []

[160 <./figuras/camadas/CurrentRose_ST003_Cel9.png>]
<figuras/camadas/Corrente_ST003_Camada9.png, id=726, 1084.05pt x 361.35pt>
File: figuras/camadas/Corrente_ST003_Camada9.png Graphic file (type png)

<use figuras/camadas/Corrente_ST003_Camada9.png>
Package pdftex.def Info: figuras/camadas/Corrente_ST003_Camada9.png used on inp
ut line 2366.
(pdftex.def)             Requested size: 822.28319pt x 274.10504pt.

Overfull \hbox (76.82097pt too wide) in paragraph at lines 2366--2368
 [][] 
 []

[161 <./figuras/camadas/Corrente_ST003_Camada9.png>]
<figuras/camadas/CurrentRose_ST003_Cel10.png, id=732, 987.2082pt x 537.6888pt>
File: figuras/camadas/CurrentRose_ST003_Cel10.png Graphic file (type png)

<use figuras/camadas/CurrentRose_ST003_Cel10.png>
Package pdftex.def Info: figuras/camadas/CurrentRose_ST003_Cel10.png used on in
put line 2390.
(pdftex.def)             Requested size: 773.91794pt x 421.52052pt.

Overfull \hbox (28.45572pt too wide) in paragraph at lines 2390--2392
 [][] 
 []

[162


 <./figuras/camadas/CurrentRose_ST003_Cel10.png>]
<figuras/camadas/Corrente_ST003_Camada10.png, id=737, 1084.05pt x 361.35pt>
File: figuras/camadas/Corrente_ST003_Camada10.png Graphic file (type png)

<use figuras/camadas/Corrente_ST003_Camada10.png>
Package pdftex.def Info: figuras/camadas/Corrente_ST003_Camada10.png used on in
put line 2397.
(pdftex.def)             Requested size: 822.28319pt x 274.10504pt.

Overfull \hbox (76.82097pt too wide) in paragraph at lines 2397--2399
 [][] 
 []

[163 <./figuras/camadas/Corrente_ST003_Camada10.png>]
<figuras/camadas/CurrentRose_ST003_Cel11.png, id=742, 987.2082pt x 537.6888pt>
File: figuras/camadas/CurrentRose_ST003_Cel11.png Graphic file (type png)

<use figuras/camadas/CurrentRose_ST003_Cel11.png>
Package pdftex.def Info: figuras/camadas/CurrentRose_ST003_Cel11.png used on in
put line 2419.
(pdftex.def)             Requested size: 773.91794pt x 421.52052pt.

Overfull \hbox (28.45572pt too wide) in paragraph at lines 2419--2421
 [][] 
 []

[164 <./figuras/camadas/CurrentRose_ST003_Cel11.png>]
<figuras/camadas/Corrente_ST003_Camada11.png, id=747, 1084.05pt x 361.35pt>
File: figuras/camadas/Corrente_ST003_Camada11.png Graphic file (type png)

<use figuras/camadas/Corrente_ST003_Camada11.png>
Package pdftex.def Info: figuras/camadas/Corrente_ST003_Camada11.png used on in
put line 2426.
(pdftex.def)             Requested size: 822.28319pt x 274.10504pt.

Overfull \hbox (76.82097pt too wide) in paragraph at lines 2426--2428
 [][] 
 []

[165 <./figuras/camadas/Corrente_ST003_Camada11.png>]
<figuras/camadas/CurrentRose_ST003_Cel12.png, id=752, 987.2082pt x 537.6888pt>
File: figuras/camadas/CurrentRose_ST003_Cel12.png Graphic file (type png)

<use figuras/camadas/CurrentRose_ST003_Cel12.png>
Package pdftex.def Info: figuras/camadas/CurrentRose_ST003_Cel12.png used on in
put line 2448.
(pdftex.def)             Requested size: 773.91794pt x 421.52052pt.

Overfull \hbox (28.45572pt too wide) in paragraph at lines 2448--2450
 [][] 
 []

[166 <./figuras/camadas/CurrentRose_ST003_Cel12.png>]
<figuras/camadas/Corrente_ST003_Camada12.png, id=757, 1084.05pt x 361.35pt>
File: figuras/camadas/Corrente_ST003_Camada12.png Graphic file (type png)

<use figuras/camadas/Corrente_ST003_Camada12.png>
Package pdftex.def Info: figuras/camadas/Corrente_ST003_Camada12.png used on in
put line 2455.
(pdftex.def)             Requested size: 822.28319pt x 274.10504pt.

Overfull \hbox (76.82097pt too wide) in paragraph at lines 2455--2457
 [][] 
 []

[167 <./figuras/camadas/Corrente_ST003_Camada12.png>]
+-------------------------------------------------------------------+
| Comentario, sugestao ou critica sobre o abnTeX? Entre em contato: |
|                  http://abntex.codigolivre.org.br                 |
+-------------------------------------------------------------------+
(./dissertacao.aux)

LaTeX Warning: There were multiply-defined labels.

 ) 
Here is how much of TeX's memory you used:
 6693 strings out of 494996
 112500 string characters out of 6180490
 191715 words of memory out of 5000000
 9607 multiletter control sequences out of 15000+600000
 10757 words of font info for 38 fonts, out of 8000000 for 9000
 16 hyphenation exceptions out of 8191
 41i,8n,36p,1646b,359s stack positions out of 5000i,500n,10000p,200000b,80000s
</usr/share/texlive/texmf-dist/fonts/type1/public/amsfonts/cmextra/cmbsy8.pfb
></usr/share/texlive/texmf-dist/fonts/type1/public/amsfonts/cm/cmbx12.pfb></usr
/share/texlive/texmf-dist/fonts/type1/public/amsfonts/cm/cmbx8.pfb></usr/share/
texlive/texmf-dist/fonts/type1/public/amsfonts/cm/cmex10.pfb></usr/share/texliv
e/texmf-dist/fonts/type1/public/amsfonts/cm/cmmi12.pfb></usr/share/texlive/texm
f-dist/fonts/type1/public/amsfonts/cm/cmmi8.pfb></usr/share/texlive/texmf-dist/
fonts/type1/public/amsfonts/cm/cmmib10.pfb></usr/share/texlive/texmf-dist/fonts
/type1/public/amsfonts/cm/cmr10.pfb></usr/share/texlive/texmf-dist/fonts/type1/
public/amsfonts/cm/cmr12.pfb></usr/share/texlive/texmf-dist/fonts/type1/public/
amsfonts/cm/cmr8.pfb></usr/share/texlive/texmf-dist/fonts/type1/public/amsfonts
/cm/cmsy10.pfb></usr/share/texlive/texmf-dist/fonts/type1/public/amsfonts/cm/cm
sy8.pfb></usr/share/texlive/texmf-dist/fonts/type1/public/amsfonts/cm/cmti12.pf
b></usr/share/texlive/texmf-dist/fonts/type1/public/amsfonts/cm/cmtt12.pfb></us
r/share/texlive/texmf-dist/fonts/type1/urw/zapfding/uzdr.pfb>
Output written on dissertacao.pdf (169 pages, 42145487 bytes).
PDF statistics:
 817 PDF objects out of 1000 (max. 8388607)
 420 compressed objects within 5 object streams
 0 named destinations out of 1000 (max. 500000)
 596 words of extra memory for PDF output out of 10000 (max. 10000000)

